Arguments: 
  /usr/local/bin/node /usr/local/bin/yarn add ..abis/travelPermit.json

PATH: 
  /Users/amet/opt/anaconda3/bin:/usr/local/bin:/usr/bin:/bin:/usr/sbin:/sbin:/Applications/VMware Fusion.app/Contents/Public:/Library/Apple/usr/bin

Yarn version: 
  1.22.10

Node version: 
  14.15.4

Platform: 
  darwin x64

Trace: 
  Error: https://registry.yarnpkg.com/..abis%2ftravelPermit.json: Not found
      at Request.params.callback [as _callback] (/usr/local/lib/node_modules/yarn/lib/cli.js:66988:18)
      at Request.self.callback (/usr/local/lib/node_modules/yarn/lib/cli.js:140662:22)
      at Request.emit (events.js:315:20)
      at Request.<anonymous> (/usr/local/lib/node_modules/yarn/lib/cli.js:141634:10)
      at Request.emit (events.js:315:20)
      at IncomingMessage.<anonymous> (/usr/local/lib/node_modules/yarn/lib/cli.js:141556:12)
      at Object.onceWrapper (events.js:421:28)
      at IncomingMessage.emit (events.js:327:22)
      at endReadableNT (internal/streams/readable.js:1327:12)
      at processTicksAndRejections (internal/process/task_queues.js:80:21)

npm manifest: 
  {
    "name": "eth-marketplace",
    "version": "0.1.0",
    "description": "An Ethereum Marketplace",
    "author": "gregory@dappuniversity.com",
    "dependencies": {
      "babel-polyfill": "6.26.0",
      "babel-preset-env": "1.7.0",
      "babel-preset-es2015": "6.24.1",
      "babel-preset-stage-2": "6.24.1",
      "babel-preset-stage-3": "6.24.1",
      "babel-register": "6.26.0",
      "bootstrap": "4.3.1",
      "chai": "4.2.0",
      "chai-as-promised": "7.1.1",
      "chai-bignumber": "3.0.0",
      "react": "16.8.4",
      "react-bootstrap": "1.0.0-beta.5",
      "react-dom": "16.8.4",
      "react-scripts": "2.1.3",
      "truffle": "5.0.5",
      "web3": "1.0.0-beta.55"
    },
    "scripts": {
      "start": "react-scripts start",
      "build": "react-scripts build",
      "test": "react-scripts test",
      "eject": "react-scripts eject"
    },
    "eslintConfig": {
      "extends": "react-app"
    },
    "browserslist": [
      ">0.2%",
      "not dead",
      "not ie <= 11",
      "not op_mini all"
    ]
  }

yarn manifest: 
  No manifest

Lockfile: 
  No lockfile
